2018-07-14 00:20:54 



















2018-07-14 00:20:54 Bitcoin version v0.15.1.0-g7b57bc998f
2018-07-14 00:20:54 InitParameterInteraction: parameter interaction: -whitelistforcerelay=1 -> setting -whitelistrelay=1
2018-07-14 00:20:54 Assuming ancestors of block 0000000000000000003b9ce759c2a087d52abc4266f8f4ebd6d768b89defa50a have valid signatures.
2018-07-14 00:20:54 Setting nMinimumChainWork=000000000000000000000000000000000000000000723d3581fe1bd55373540a
2018-07-14 00:20:54 Using the 'standard' SHA256 implementation
2018-07-14 00:20:54 Default data directory /home/btc/peatio/current/.bitcoin
2018-07-14 00:20:54 Using data directory /home/btc/peatio/current/.bitcoin
2018-07-14 00:20:54 Using config file /home/btc/peatio/current/.bitcoin/bitcoin.conf
2018-07-14 00:20:54 Using at most 125 automatic connections (1024 file descriptors available)
2018-07-14 00:20:54 Using 16 MiB out of 32/2 requested for signature cache, able to store 524288 elements
2018-07-14 00:20:54 Using 16 MiB out of 32/2 requested for script execution cache, able to store 524288 elements
2018-07-14 00:20:54 Using 4 threads for script verification
2018-07-14 00:20:54 scheduler thread start
2018-07-14 00:20:54 HTTP: creating work queue of depth 16
2018-07-14 00:20:54 No rpcpassword set - using random cookie authentication
2018-07-14 00:20:54 Generated RPC authentication cookie /home/btc/peatio/current/.bitcoin/.cookie
2018-07-14 00:20:54 HTTP: starting 4 worker threads
2018-07-14 00:20:54 init message: Verifying wallet(s)...
2018-07-14 00:20:54 Using BerkeleyDB version Berkeley DB 4.8.30: (April  9, 2010)
2018-07-14 00:20:54 Using wallet wallet.dat
2018-07-14 00:20:54 CDBEnv::Open: LogDir=/home/btc/peatio/current/.bitcoin/database ErrorFile=/home/btc/peatio/current/.bitcoin/db.log
2018-07-14 00:20:54 Cache configuration:
2018-07-14 00:20:54 * Using 2.0MiB for block index database
2018-07-14 00:20:54 * Using 8.0MiB for chain state database
2018-07-14 00:20:54 * Using 440.0MiB for in-memory UTXO set (plus up to 286.1MiB of unused mempool space)
2018-07-14 00:20:54 init message: Loading block index...
2018-07-14 00:20:54 Opening LevelDB in /home/btc/peatio/current/.bitcoin/blocks/index
2018-07-14 00:20:54 Opened LevelDB successfully
2018-07-14 00:20:54 Using obfuscation key for /home/btc/peatio/current/.bitcoin/blocks/index: 0000000000000000
2018-07-14 00:20:54 LoadBlockIndexDB: last block file = 0
2018-07-14 00:20:54 LoadBlockIndexDB: last block file info: CBlockFileInfo(blocks=0, size=0, heights=0...0, time=1970-01-01...1970-01-01)
2018-07-14 00:20:54 Checking all blk files are present...
2018-07-14 00:20:54 LoadBlockIndexDB: transaction index disabled
2018-07-14 00:20:54 Initializing databases...
2018-07-14 00:20:54 Pre-allocating up to position 0x1000000 in blk00000.dat
2018-07-14 00:20:54 Opening LevelDB in /home/btc/peatio/current/.bitcoin/chainstate
2018-07-14 00:20:54 Opened LevelDB successfully
2018-07-14 00:20:54 Wrote new obfuscate key for /home/btc/peatio/current/.bitcoin/chainstate: 5e7c6f540804f307
2018-07-14 00:20:54 Using obfuscation key for /home/btc/peatio/current/.bitcoin/chainstate: 5e7c6f540804f307
2018-07-14 00:20:54 init message: Rewinding blocks...
2018-07-14 00:20:54  block index             156ms
2018-07-14 00:20:54 init message: Loading wallet...
2018-07-14 00:20:55 nFileVersion = 150100
2018-07-14 00:20:55 Keys: 0 plaintext, 0 encrypted, 0 w/ metadata, 0 total
2018-07-14 00:20:55 Performing wallet upgrade to 60000
2018-07-14 00:20:57 keypool added 2000 keys (1000 internal), size=2000 (1000 internal)
2018-07-14 00:20:57 keypool reserve 1
2018-07-14 00:20:57 keypool keep 1
2018-07-14 00:20:57  wallet                 2612ms
2018-07-14 00:20:57 keypool added 1 keys (0 internal), size=2000 (1000 internal)
2018-07-14 00:20:57 setKeyPool.size() = 2000
2018-07-14 00:20:57 mapWallet.size() = 0
2018-07-14 00:20:57 mapAddressBook.size() = 1
2018-07-14 00:20:57 UpdateTip: new best=000000000019d6689c085ae165831e934ff763ae46a2a6c172b3f1b60a8ce26f height=0 version=0x00000001 log2_work=32.000022 tx=1 date='2009-01-03 18:15:05' progress=0.000000 cache=0.0MiB(0txo)
2018-07-14 00:20:57 Failed to open mempool file from disk. Continuing anyway.
2018-07-14 00:20:57 mapBlockIndex.size() = 1
2018-07-14 00:20:57 nBestHeight = 0
2018-07-14 00:20:57 torcontrol thread start
2018-07-14 00:20:57 AddLocal(46.243.200.56:8333,1)
2018-07-14 00:20:57 Discover: IPv4 ens160: 46.243.200.56
2018-07-14 00:20:57 Bound to [::]:8333
2018-07-14 00:20:57 Bound to 0.0.0.0:8333
2018-07-14 00:20:57 init message: Loading P2P addresses...
2018-07-14 00:20:57 ERROR: DeserializeFileDB: Failed to open file /home/btc/peatio/current/.bitcoin/peers.dat
2018-07-14 00:20:57 Invalid or missing peers.dat; recreating
2018-07-14 00:20:57 init message: Loading banlist...
2018-07-14 00:20:57 ERROR: DeserializeFileDB: Failed to open file /home/btc/peatio/current/.bitcoin/banlist.dat
2018-07-14 00:20:57 Invalid or missing banlist.dat; recreating
2018-07-14 00:20:57 init message: Starting network threads...
2018-07-14 00:20:57 net thread start
2018-07-14 00:20:57 dnsseed thread start
2018-07-14 00:20:57 init message: Done loading
2018-07-14 00:20:57 Loading addresses from DNS seeds (could take a while)
2018-07-14 00:20:57 addcon thread start
2018-07-14 00:20:57 msghand thread start
2018-07-14 00:20:57 opencon thread start
2018-07-14 00:20:58 connect() to [2001:0:9d38:6ab8:c49:1c0:46ed:81e5]:8333 failed: Network is unreachable (101)
2018-07-14 00:20:58 218 addresses found from DNS seeds
2018-07-14 00:20:58 dnsseed thread exit
2018-07-14 00:20:59 receive version message: /Satoshi:0.15.1/: version 70015, blocks=531822, us=46.243.200.56:43844, peer=0
2018-07-14 00:21:00 receive version message: /Satoshi:0.16.0/: version 70015, blocks=531822, us=46.243.200.56:50290, peer=1
2018-07-14 00:21:00 receive version message: /Satoshi:0.16.0(UASF-SegWit-BIP148)/: version 70015, blocks=531822, us=46.243.200.56:54458, peer=2
2018-07-14 00:21:03 receive version message: /Satoshi:0.16.0/: version 70015, blocks=531822, us=46.243.200.56:57450, peer=3
2018-07-14 00:21:05 connect() to 180.107.145.186:8333 failed after select(): Connection refused (111)
2018-07-14 00:21:16 receive version message: /bitnodes.earn.com:0.1/: version 70015, blocks=531822, us=46.243.200.56:8333, peer=4
2018-07-14 00:21:16 tor: Thread interrupt
2018-07-14 00:21:16 torcontrol thread exit
2018-07-14 00:21:16 addcon thread exit
2018-07-14 00:21:16 opencon thread exit
2018-07-14 00:21:16 scheduler thread interrupt
2018-07-14 00:21:16 Shutdown: In progress...
2018-07-14 00:21:16 msghand thread exit
2018-07-14 00:21:16 net thread exit
2018-07-14 00:21:16 Dumped mempool: 5e-06s to copy, 0.02255s to dump
2018-07-14 00:21:17 Shutdown: done
